<?xml version="1.0" encoding="UTF-8"?>
<!-- Generated by org.testng.reporters.JUnitReportReporter -->
<testsuite hostname="DESKTOP-LH10UEI" failures="0" tests="3" name="apr3.Ornghrmbefmtdaftmtd" time="38.170" errors="0" timestamp="2024-04-06T16:22:03 IST" skipped="0">
  <testcase classname="apr3.Ornghrmbefmtdaftmtd" name="pim" time="13.096">
    <system-out>
      <![CDATA[executing pim test]]>
    </system-out>
  </testcase> <!-- pim -->
  <testcase classname="apr3.Ornghrmbefmtdaftmtd" name="leave" time="12.543">
    <system-out>
      <![CDATA[executing leave test]]>
    </system-out>
  </testcase> <!-- leave -->
  <testcase classname="apr3.Ornghrmbefmtdaftmtd" name="admin" time="12.531">
    <system-out>
      <![CDATA[executing admin test]]>
    </system-out>
  </testcase> <!-- admin -->
  <system-out>
    <![CDATA[running in beforetest
executing cbanking test
executing ibanking test
executing pbanking test
running in after test
running in beforemethod
executing pim test
running in after method
running in beforemethod
executing leave test
running in after method
running in beforemethod
executing admin test
running in after method]]>
  </system-out>
</testsuite> <!-- apr3.Ornghrmbefmtdaftmtd -->
