<?xml version="1.0" encoding="UTF-8"?>
<!-- Generated by org.testng.reporters.JUnitReportReporter -->
<testsuite hostname="DESKTOP-LH10UEI" failures="0" tests="8" name="apr5.Crossbrowsertesting" time="32.968" errors="0" timestamp="2024-04-09T16:27:02 IST" skipped="0">
  <testcase classname="apr5.Crossbrowsertesting" name="verifylogin" time="2.825">
    <system-out>
      <![CDATA[login fail::dashboard        http://orangehrm.qedgetech.com/symfony/web/index.php/auth/validateCredentials]]>
    </system-out>
  </testcase> <!-- verifylogin -->
  <testcase classname="apr5.Crossbrowsertesting" name="verifylogin" time="2.892">
    <system-out>
      <![CDATA[login fail::dashboard        http://orangehrm.qedgetech.com/symfony/web/index.php/auth/validateCredentials]]>
    </system-out>
  </testcase> <!-- verifylogin -->
  <testcase classname="apr5.Crossbrowsertesting" name="verifylogin" time="3.132">
    <system-out>
      <![CDATA[login fail::dashboard        http://orangehrm.qedgetech.com/symfony/web/index.php/auth/validateCredentials]]>
    </system-out>
  </testcase> <!-- verifylogin -->
  <testcase classname="apr5.Crossbrowsertesting" name="verifylogin" time="3.615">
    <system-out>
      <![CDATA[login fail::dashboard        http://orangehrm.qedgetech.com/symfony/web/index.php/auth/validateCredentials]]>
    </system-out>
  </testcase> <!-- verifylogin -->
  <testcase classname="apr5.Crossbrowsertesting" name="verifylogin" time="2.812">
    <system-out>
      <![CDATA[login fail::dashboard        http://orangehrm.qedgetech.com/symfony/web/index.php/auth/validateCredentials]]>
    </system-out>
  </testcase> <!-- verifylogin -->
  <testcase classname="apr5.Crossbrowsertesting" name="verifylogin" time="7.742">
    <system-out>
      <![CDATA[login success::dashboard           http://orangehrm.qedgetech.com/symfony/web/index.php/dashboard]]>
    </system-out>
  </testcase> <!-- verifylogin -->
  <testcase classname="apr5.Crossbrowsertesting" name="verifylogin" time="7.463">
    <system-out>
      <![CDATA[login success::dashboard           http://orangehrm.qedgetech.com/symfony/web/index.php/dashboard]]>
    </system-out>
  </testcase> <!-- verifylogin -->
  <testcase classname="apr5.Crossbrowsertesting" name="verifylogin" time="2.487">
    <system-out>
      <![CDATA[login fail::dashboard        http://orangehrm.qedgetech.com/symfony/web/index.php/auth/validateCredentials]]>
    </system-out>
  </testcase> <!-- verifylogin -->
  <system-out>
    <![CDATA[login success::dashboard           http://orangehrm.qedgetech.com/symfony/web/index.php/dashboard
login fail::dashboard        http://orangehrm.qedgetech.com/symfony/web/index.php/auth/validateCredentials
login fail::dashboard        http://orangehrm.qedgetech.com/symfony/web/index.php/auth/validateCredentials
login fail::dashboard        http://orangehrm.qedgetech.com/symfony/web/index.php/auth/validateCredentials
login success::dashboard           http://orangehrm.qedgetech.com/symfony/web/index.php/dashboard
login fail::dashboard        http://orangehrm.qedgetech.com/symfony/web/index.php/auth/validateCredentials
login fail::dashboard        http://orangehrm.qedgetech.com/symfony/web/index.php/auth/validateCredentials
login fail::dashboard        http://orangehrm.qedgetech.com/symfony/web/index.php/auth/validateCredentials]]>
  </system-out>
</testsuite> <!-- apr5.Crossbrowsertesting -->
