<?xml version="1.0" encoding="UTF-8"?>
<!-- Generated by org.testng.reporters.JUnitReportReporter -->
<testsuite hostname="DESKTOP-LH10UEI" failures="0" tests="1" name="apr5.Verifytitle" time="12.921" errors="0" timestamp="2024-04-09T17:21:03 IST" skipped="0">
  <testcase classname="apr5.Verifytitle" name="starttest" time="12.921">
    <system-out>
      <![CDATA[title is not matching expected [false] but found [true]]]>
    </system-out>
  </testcase> <!-- starttest -->
  <system-out>
    <![CDATA[title is not matching expected [false] but found [true]]]>
  </system-out>
</testsuite> <!-- apr5.Verifytitle -->
