<?xml version="1.0" encoding="UTF-8"?>
<!-- Generated by org.testng.reporters.JUnitReportReporter -->
<testsuite hostname="DESKTOP-LH10UEI" failures="0" tests="4" name="apr8.Dataprovider" time="13.775" errors="0" timestamp="2024-04-08T09:21:30 IST" skipped="0">
  <testcase classname="apr8.Dataprovider" name="verifylogin" time="7.112">
    <system-out>
      <![CDATA[login success::dashboard           http://orangehrm.qedgetech.com/symfony/web/index.php/dashboard]]>
    </system-out>
  </testcase> <!-- verifylogin -->
  <testcase classname="apr8.Dataprovider" name="verifylogin" time="2.143">
    <system-out>
      <![CDATA[login fail::dashboard        http://orangehrm.qedgetech.com/symfony/web/index.php/auth/validateCredentials]]>
    </system-out>
  </testcase> <!-- verifylogin -->
  <testcase classname="apr8.Dataprovider" name="verifylogin" time="2.382">
    <system-out>
      <![CDATA[login fail::dashboard        http://orangehrm.qedgetech.com/symfony/web/index.php/auth/validateCredentials]]>
    </system-out>
  </testcase> <!-- verifylogin -->
  <testcase classname="apr8.Dataprovider" name="verifylogin" time="2.138">
    <system-out>
      <![CDATA[login fail::dashboard        http://orangehrm.qedgetech.com/symfony/web/index.php/auth/validateCredentials]]>
    </system-out>
  </testcase> <!-- verifylogin -->
  <system-out>
    <![CDATA[login success::dashboard           http://orangehrm.qedgetech.com/symfony/web/index.php/dashboard
login fail::dashboard        http://orangehrm.qedgetech.com/symfony/web/index.php/auth/validateCredentials
login fail::dashboard        http://orangehrm.qedgetech.com/symfony/web/index.php/auth/validateCredentials
login fail::dashboard        http://orangehrm.qedgetech.com/symfony/web/index.php/auth/validateCredentials]]>
  </system-out>
</testsuite> <!-- apr8.Dataprovider -->
