<?xml version="1.0" encoding="UTF-8"?>
<!-- Generated by org.testng.reporters.JUnitReportReporter -->
<testsuite hostname="DESKTOP-LH10UEI" failures="0" tests="3" name="apr3.PrimusPersnolbnkng" time="2.172" errors="0" timestamp="2024-04-06T16:22:03 IST" skipped="0">
  <testcase classname="apr3.PrimusPersnolbnkng" name="cbanking" time="0.754">
    <system-out>
      <![CDATA[executing cbanking test]]>
    </system-out>
  </testcase> <!-- cbanking -->
  <testcase classname="apr3.PrimusPersnolbnkng" name="ibanking" time="0.641">
    <system-out>
      <![CDATA[executing ibanking test]]>
    </system-out>
  </testcase> <!-- ibanking -->
  <testcase classname="apr3.PrimusPersnolbnkng" name="pbanking" time="0.777">
    <system-out>
      <![CDATA[executing pbanking test]]>
    </system-out>
  </testcase> <!-- pbanking -->
  <system-out>
    <![CDATA[running in beforetest
executing cbanking test
executing ibanking test
executing pbanking test
running in after test
running in beforemethod
executing pim test
running in after method
running in beforemethod
executing leave test
running in after method
running in beforemethod
executing admin test
running in after method]]>
  </system-out>
</testsuite> <!-- apr3.PrimusPersnolbnkng -->
