<?xml version="1.0" encoding="UTF-8"?>
<!-- Generated by org.testng.reporters.JUnitReportReporter -->
<testsuite hostname="DESKTOP-LH10UEI" failures="0" tests="1" name="myPackage.MyClass" time="0.004" errors="0" timestamp="2024-04-05T17:45:35 IST" skipped="0">
  <testcase classname="myPackage.MyClass" name="sample" time="0.004"/>
  <system-out>
    <![CDATA[running in beforemethod
running in after method
running in beforemethod
executing leave test
running in after method
running in beforemethod
executing admin test
running in after method]]>
  </system-out>
</testsuite> <!-- myPackage.MyClass -->
